<?xml version="1.0" encoding="UTF-8"?>
<testsuite name="com.l3rnz.algebrain.domain.SumTest" tests="26" skipped="0" failures="0" errors="0" timestamp="2020-10-25T14:36:45" hostname="LAPTOP-GC6LSO2O" time="0.074">
  <properties/>
  <testcase name="testThatParseIntWorksOnDoubleNegative()" classname="com.l3rnz.algebrain.domain.SumTest" time="0.026"/>
  <testcase name="testThatSumDisplaysThree()" classname="com.l3rnz.algebrain.domain.SumTest" time="0.003"/>
  <testcase name="testThatMergeWorks()" classname="com.l3rnz.algebrain.domain.SumTest" time="0.001"/>
  <testcase name="testThatFindElementFailsWhenExactSize()" classname="com.l3rnz.algebrain.domain.SumTest" time="0.002"/>
  <testcase name="testThatFindElementFailsWhenPastEnd()" classname="com.l3rnz.algebrain.domain.SumTest" time="0.001"/>
  <testcase name="testThatAddSumToSumMakesOneSum()" classname="com.l3rnz.algebrain.domain.SumTest" time="0.001"/>
  <testcase name="testThatSumDisplaysWell()" classname="com.l3rnz.algebrain.domain.SumTest" time="0.001"/>
  <testcase name="testThatItAllWorksWithDecimalToo()" classname="com.l3rnz.algebrain.domain.SumTest" time="0.002"/>
  <testcase name="testThatWeCanIdentifyElementInSum()" classname="com.l3rnz.algebrain.domain.SumTest" time="0.001"/>
  <testcase name="testThatContainsDoesntFindDuplicate()" classname="com.l3rnz.algebrain.domain.SumTest" time="0.002"/>
  <testcase name="testThatSumCanDisplayPlusMinus()" classname="com.l3rnz.algebrain.domain.SumTest" time="0.001"/>
  <testcase name="testThatContainsFindsElement()" classname="com.l3rnz.algebrain.domain.SumTest" time="0.002"/>
  <testcase name="testThatMergeWorksWithDecimal()" classname="com.l3rnz.algebrain.domain.SumTest" time="0.001"/>
  <testcase name="testThatSumDisplaysDoubleNegative()" classname="com.l3rnz.algebrain.domain.SumTest" time="0.001"/>
  <testcase name="testThatFindIndexOfWorksPastZero()" classname="com.l3rnz.algebrain.domain.SumTest" time="0.001"/>
  <testcase name="testThatMergeNonExistentTermThrowsException()" classname="com.l3rnz.algebrain.domain.SumTest" time="0.002"/>
  <testcase name="testThatMoveWorksRightToLeftAndWithNegatives()" classname="com.l3rnz.algebrain.domain.SumTest" time="0.001"/>
  <testcase name="testThatWeCanIdentifyEndElementInSum()" classname="com.l3rnz.algebrain.domain.SumTest" time="0.001"/>
  <testcase name="testThatFindElementAtThrowsExceptionAsNeeded()" classname="com.l3rnz.algebrain.domain.SumTest" time="0.001"/>
  <testcase name="testThatMoveThrowsExceptionIfWrongExpression()" classname="com.l3rnz.algebrain.domain.SumTest" time="0.001"/>
  <testcase name="testThatSumDisplaysNegative()" classname="com.l3rnz.algebrain.domain.SumTest" time="0.0"/>
  <testcase name="testThatFindElementAtSizeFails()" classname="com.l3rnz.algebrain.domain.SumTest" time="0.001"/>
  <testcase name="testThatFindElementAtThrowsExceptionTooBig()" classname="com.l3rnz.algebrain.domain.SumTest" time="0.001"/>
  <testcase name="testThatMergeOffRightSideThrowsException()" classname="com.l3rnz.algebrain.domain.SumTest" time="0.001"/>
  <testcase name="testThatMoveWorks()" classname="com.l3rnz.algebrain.domain.SumTest" time="0.0"/>
  <testcase name="testThatMergeOffLeftSideThrowsException()" classname="com.l3rnz.algebrain.domain.SumTest" time="0.001"/>
  <system-out><![CDATA[]]></system-out>
  <system-err><![CDATA[]]></system-err>
</testsuite>
