<?xml version="1.0" encoding="UTF-8"?>
<testsuite name="com.l3rnz.algebrain.domain.SumTest" tests="34" skipped="0" failures="0" errors="0" timestamp="2020-10-25T15:47:00" hostname="LAPTOP-GC6LSO2O" time="0.143">
  <properties/>
  <testcase name="testThatParseIntWorksOnDoubleNegative()" classname="com.l3rnz.algebrain.domain.SumTest" time="0.033"/>
  <testcase name="testThatSumDisplaysThree()" classname="com.l3rnz.algebrain.domain.SumTest" time="0.002"/>
  <testcase name="testThatMergeWorks()" classname="com.l3rnz.algebrain.domain.SumTest" time="0.0"/>
  <testcase name="testThatMergeWorksWithDecimalBackwards()" classname="com.l3rnz.algebrain.domain.SumTest" time="0.002"/>
  <testcase name="testThatFindElementFailsWhenExactSize()" classname="com.l3rnz.algebrain.domain.SumTest" time="0.002"/>
  <testcase name="testThatFindElementFailsWhenPastEnd()" classname="com.l3rnz.algebrain.domain.SumTest" time="0.002"/>
  <testcase name="testThatAddSumToSumMakesOneSum()" classname="com.l3rnz.algebrain.domain.SumTest" time="0.001"/>
  <testcase name="testThatDecimalTermDoesntMergeWithVariableTerm()" classname="com.l3rnz.algebrain.domain.SumTest" time="0.002"/>
  <testcase name="testThatSumDisplaysWell()" classname="com.l3rnz.algebrain.domain.SumTest" time="0.001"/>
  <testcase name="testThatItAllWorksWithDecimalToo()" classname="com.l3rnz.algebrain.domain.SumTest" time="0.001"/>
  <testcase name="testThatWeCanIdentifyElementInSum()" classname="com.l3rnz.algebrain.domain.SumTest" time="0.001"/>
  <testcase name="testThatContainsDoesntFindDuplicate()" classname="com.l3rnz.algebrain.domain.SumTest" time="0.002"/>
  <testcase name="testThatSumCanDisplayPlusMinus()" classname="com.l3rnz.algebrain.domain.SumTest" time="0.001"/>
  <testcase name="testThatContainsFindsElement()" classname="com.l3rnz.algebrain.domain.SumTest" time="0.001"/>
  <testcase name="testThatMergeWorksWithDecimal()" classname="com.l3rnz.algebrain.domain.SumTest" time="0.002"/>
  <testcase name="testThatSumDisplaysDoubleNegative()" classname="com.l3rnz.algebrain.domain.SumTest" time="0.001"/>
  <testcase name="testThatFindIndexOfWorksPastZero()" classname="com.l3rnz.algebrain.domain.SumTest" time="0.001"/>
  <testcase name="testThatMergeNonExistentTermThrowsException()" classname="com.l3rnz.algebrain.domain.SumTest" time="0.001"/>
  <testcase name="testThatMoveWorksRightToLeftAndWithNegatives()" classname="com.l3rnz.algebrain.domain.SumTest" time="0.001"/>
  <testcase name="[1] 3" classname="com.l3rnz.algebrain.domain.SumTest" time="0.018"/>
  <testcase name="[2] 3.3" classname="com.l3rnz.algebrain.domain.SumTest" time="0.001"/>
  <testcase name="[3] y" classname="com.l3rnz.algebrain.domain.SumTest" time="0.001"/>
  <testcase name="testThatNegativeVariableTermCancelsPositive()" classname="com.l3rnz.algebrain.domain.SumTest" time="0.001"/>
  <testcase name="testThatWeCanIdentifyEndElementInSum()" classname="com.l3rnz.algebrain.domain.SumTest" time="0.0"/>
  <testcase name="testThatFindElementAtThrowsExceptionAsNeeded()" classname="com.l3rnz.algebrain.domain.SumTest" time="0.001"/>
  <testcase name="testThatMoveThrowsExceptionIfWrongExpression()" classname="com.l3rnz.algebrain.domain.SumTest" time="0.001"/>
  <testcase name="testThatSumDisplaysNegative()" classname="com.l3rnz.algebrain.domain.SumTest" time="0.0"/>
  <testcase name="testThatFindElementAtSizeFails()" classname="com.l3rnz.algebrain.domain.SumTest" time="0.001"/>
  <testcase name="testThatMergeWorksWithTwoDecimals()" classname="com.l3rnz.algebrain.domain.SumTest" time="0.001"/>
  <testcase name="testThatFindElementAtThrowsExceptionTooBig()" classname="com.l3rnz.algebrain.domain.SumTest" time="0.001"/>
  <testcase name="testThatMergeOffRightSideThrowsException()" classname="com.l3rnz.algebrain.domain.SumTest" time="0.001"/>
  <testcase name="testThatMoveWorks()" classname="com.l3rnz.algebrain.domain.SumTest" time="0.001"/>
  <testcase name="testThatIntTermDoesntMergeWithVariableTerm()" classname="com.l3rnz.algebrain.domain.SumTest" time="0.001"/>
  <testcase name="testThatMergeOffLeftSideThrowsException()" classname="com.l3rnz.algebrain.domain.SumTest" time="0.001"/>
  <system-out><![CDATA[]]></system-out>
  <system-err><![CDATA[]]></system-err>
</testsuite>
