<?xml version="1.0" encoding="UTF-8"?>
<testsuite name="com.l3rnz.algebrain.parser.ExpressionParserTest" tests="11" skipped="0" failures="0" errors="0" timestamp="2020-10-25T15:47:01" hostname="LAPTOP-GC6LSO2O" time="0.026">
  <properties/>
  <testcase name="[1] 3" classname="com.l3rnz.algebrain.parser.ExpressionParserTest" time="0.001"/>
  <testcase name="[2] -23" classname="com.l3rnz.algebrain.parser.ExpressionParserTest" time="0.001"/>
  <testcase name="[3] 2+3" classname="com.l3rnz.algebrain.parser.ExpressionParserTest" time="0.001"/>
  <testcase name="[4] 2+3+4" classname="com.l3rnz.algebrain.parser.ExpressionParserTest" time="0.001"/>
  <testcase name="[5] 2+-3" classname="com.l3rnz.algebrain.parser.ExpressionParserTest" time="0.001"/>
  <testcase name="[6] 2+-3+-4" classname="com.l3rnz.algebrain.parser.ExpressionParserTest" time="0.001"/>
  <testcase name="[7] 2.3" classname="com.l3rnz.algebrain.parser.ExpressionParserTest" time="0.001"/>
  <testcase name="[8] -2.3+-5+3.7+-2.8" classname="com.l3rnz.algebrain.parser.ExpressionParserTest" time="0.001"/>
  <testcase name="[9] 4-3" classname="com.l3rnz.algebrain.parser.ExpressionParserTest" time="0.001"/>
  <testcase name="[10] --3" classname="com.l3rnz.algebrain.parser.ExpressionParserTest" time="0.001"/>
  <testcase name="testThatParserFailsWithBadData()" classname="com.l3rnz.algebrain.parser.ExpressionParserTest" time="0.001"/>
  <system-out><![CDATA[]]></system-out>
  <system-err><![CDATA[]]></system-err>
</testsuite>
